# JRE version: OpenJDK Runtime Environment Temurin-21.0.8+9 (21.0.8+9) (build 21.0.8+9-LTS)
# Java VM: OpenJDK 64-Bit Server VM Temurin-21.0.8+9 (21.0.8+9-LTS, mixed mode, sharing, tiered, compressed oops, compressed class ptrs, parallel gc, windows-amd64)
GC Precious Log:
 CardTable entry size: 512
 CPUs: 4 total, 4 available
 Memory: 4005M
 Large Page Support: Disabled
 NUMA Support: Disabled
 Compressed Oops: Enabled (32-bit)
 Alignments: Space 512K, Generation 512K, Heap 2M
 Heap Min Capacity: 100M
 Heap Initial Capacity: 100M
 Heap Max Capacity: 2G
 Pre-touch: Disabled
 Parallel Workers: 4
Heap:
 PSYoungGen      total 19456K, used 16163K [0x00000000d5580000, 0x00000000d6a80000, 0x0000000100000000)
  eden space 16896K, 95% used [0x00000000d5580000,0x00000000d6548c70,0x00000000d6600000)
  from space 2560K, 0% used [0x00000000d6600000,0x00000000d6600000,0x00000000d6880000)
  to   space 1536K, 0% used [0x00000000d6900000,0x00000000d6900000,0x00000000d6a80000)
 ParOldGen       total 68608K, used 42684K [0x0000000080000000, 0x0000000084300000, 0x00000000d5580000)
  object space 68608K, 62% used [0x0000000080000000,0x00000000829af230,0x0000000084300000)
 Metaspace       used 59815K, committed 61184K, reserved 1114112K
  class space    used 6376K, committed 6976K, reserved 1048576K
GC Heap History (20 events):
Event: 38.168 GC heap before
{Heap before GC invocations=27 (full 2):
 PSYoungGen      total 24576K, used 24128K [0x00000000d5580000, 0x00000000d7000000, 0x0000000100000000)
  eden space 22016K, 100% used [0x00000000d5580000,0x00000000d6b00000,0x00000000d6b00000)
  from space 2560K, 82% used [0x00000000d6d80000,0x00000000d6f90010,0x00000000d7000000)
  to   space 2560K, 0% used [0x00000000d6b00000,0x00000000d6b00000,0x00000000d6d80000)
 ParOldGen       total 68608K, used 35299K [0x0000000080000000, 0x0000000084300000, 0x00000000d5580000)
  object space 68608K, 51% used [0x0000000080000000,0x0000000082278f18,0x0000000084300000)
 Metaspace       used 47567K, committed 48704K, reserved 1114112K
  class space    used 5152K, committed 5696K, reserved 1048576K
}
Event: 38.176 GC heap after
{Heap after GC invocations=27 (full 2):
 PSYoungGen      total 24064K, used 1915K [0x00000000d5580000, 0x00000000d6f00000, 0x0000000100000000)
  eden space 22016K, 0% used [0x00000000d5580000,0x00000000d5580000,0x00000000d6b00000)
  from space 2048K, 93% used [0x00000000d6b00000,0x00000000d6cded90,0x00000000d6d00000)
  to   space 2048K, 0% used [0x00000000d6d00000,0x00000000d6d00000,0x00000000d6f00000)
 ParOldGen       total 68608K, used 37355K [0x0000000080000000, 0x0000000084300000, 0x00000000d5580000)
  object space 68608K, 54% used [0x0000000080000000,0x000000008247af28,0x0000000084300000)
 Metaspace       used 47567K, committed 48704K, reserved 1114112K
  class space    used 5152K, committed 5696K, reserved 1048576K
}
Event: 39.704 GC heap before
{Heap before GC invocations=28 (full 2):
 PSYoungGen      total 24064K, used 23931K [0x00000000d5580000, 0x00000000d6f00000, 0x0000000100000000)
  eden space 22016K, 100% used [0x00000000d5580000,0x00000000d6b00000,0x00000000d6b00000)
  from space 2048K, 93% used [0x00000000d6b00000,0x00000000d6cded90,0x00000000d6d00000)
  to   space 2048K, 0% used [0x00000000d6d00000,0x00000000d6d00000,0x00000000d6f00000)
 ParOldGen       total 68608K, used 37355K [0x0000000080000000, 0x0000000084300000, 0x00000000d5580000)
  object space 68608K, 54% used [0x0000000080000000,0x000000008247af28,0x0000000084300000)
 Metaspace       used 50078K, committed 51264K, reserved 1114112K
  class space    used 5408K, committed 5952K, reserved 1048576K
}
Event: 39.715 GC heap after
{Heap after GC invocations=28 (full 2):
 PSYoungGen      total 18944K, used 2048K [0x00000000d5580000, 0x00000000d7900000, 0x0000000100000000)
  eden space 16896K, 0% used [0x00000000d5580000,0x00000000d5580000,0x00000000d6600000)
  from space 2048K, 100% used [0x00000000d6d00000,0x00000000d6f00000,0x00000000d6f00000)
  to   space 7168K, 0% used [0x00000000d6600000,0x00000000d6600000,0x00000000d6d00000)
 ParOldGen       total 68608K, used 41568K [0x0000000080000000, 0x0000000084300000, 0x00000000d5580000)
  object space 68608K, 60% used [0x0000000080000000,0x0000000082898080,0x0000000084300000)
 Metaspace       used 50078K, committed 51264K, reserved 1114112K
  class space    used 5408K, committed 5952K, reserved 1048576K
}
Event: 40.096 GC heap before
{Heap before GC invocations=29 (full 2):
 PSYoungGen      total 18944K, used 18882K [0x00000000d5580000, 0x00000000d7900000, 0x0000000100000000)
  eden space 16896K, 99% used [0x00000000d5580000,0x00000000d65f0a60,0x00000000d6600000)
  from space 2048K, 100% used [0x00000000d6d00000,0x00000000d6f00000,0x00000000d6f00000)
  to   space 7168K, 0% used [0x00000000d6600000,0x00000000d6600000,0x00000000d6d00000)
 ParOldGen       total 68608K, used 41568K [0x0000000080000000, 0x0000000084300000, 0x00000000d5580000)
  object space 68608K, 60% used [0x0000000080000000,0x0000000082898080,0x0000000084300000)
 Metaspace       used 50119K, committed 51328K, reserved 1114112K
  class space    used 5409K, committed 5952K, reserved 1048576K
}
Event: 40.104 GC heap after
{Heap after GC invocations=29 (full 2):
 PSYoungGen      total 18432K, used 1306K [0x00000000d5580000, 0x00000000d6d80000, 0x0000000100000000)
  eden space 16896K, 0% used [0x00000000d5580000,0x00000000d5580000,0x00000000d6600000)
  from space 1536K, 85% used [0x00000000d6600000,0x00000000d6746be0,0x00000000d6780000)
  to   space 3584K, 0% used [0x00000000d6a00000,0x00000000d6a00000,0x00000000d6d80000)
 ParOldGen       total 68608K, used 43628K [0x0000000080000000, 0x0000000084300000, 0x00000000d5580000)
  object space 68608K, 63% used [0x0000000080000000,0x0000000082a9b290,0x0000000084300000)
 Metaspace       used 50119K, committed 51328K, reserved 1114112K
  class space    used 5409K, committed 5952K, reserved 1048576K
}
Event: 40.337 GC heap before
{Heap before GC invocations=30 (full 2):
 PSYoungGen      total 18432K, used 18202K [0x00000000d5580000, 0x00000000d6d80000, 0x0000000100000000)
  eden space 16896K, 100% used [0x00000000d5580000,0x00000000d6600000,0x00000000d6600000)
  from space 1536K, 85% used [0x00000000d6600000,0x00000000d6746be0,0x00000000d6780000)
  to   space 3584K, 0% used [0x00000000d6a00000,0x00000000d6a00000,0x00000000d6d80000)
 ParOldGen       total 68608K, used 43628K [0x0000000080000000, 0x0000000084300000, 0x00000000d5580000)
  object space 68608K, 63% used [0x0000000080000000,0x0000000082a9b290,0x0000000084300000)
 Metaspace       used 50313K, committed 51456K, reserved 1114112K
  class space    used 5415K, committed 5952K, reserved 1048576K
}
Event: 40.340 GC heap after
{Heap after GC invocations=30 (full 2):
 PSYoungGen      total 17408K, used 96K [0x00000000d5580000, 0x00000000d6a80000, 0x0000000100000000)
  eden space 16896K, 0% used [0x00000000d5580000,0x00000000d5580000,0x00000000d6600000)
  from space 512K, 18% used [0x00000000d6a00000,0x00000000d6a18000,0x00000000d6a80000)
  to   space 1024K, 0% used [0x00000000d6880000,0x00000000d6880000,0x00000000d6980000)
 ParOldGen       total 68608K, used 43869K [0x0000000080000000, 0x0000000084300000, 0x00000000d5580000)
  object space 68608K, 63% used [0x0000000080000000,0x0000000082ad76d0,0x0000000084300000)
 Metaspace       used 50313K, committed 51456K, reserved 1114112K
  class space    used 5415K, committed 5952K, reserved 1048576K
}
Event: 41.717 GC heap before
{Heap before GC invocations=31 (full 2):
 PSYoungGen      total 17408K, used 16992K [0x00000000d5580000, 0x00000000d6a80000, 0x0000000100000000)
  eden space 16896K, 100% used [0x00000000d5580000,0x00000000d6600000,0x00000000d6600000)
  from space 512K, 18% used [0x00000000d6a00000,0x00000000d6a18000,0x00000000d6a80000)
  to   space 1024K, 0% used [0x00000000d6880000,0x00000000d6880000,0x00000000d6980000)
 ParOldGen       total 68608K, used 43869K [0x0000000080000000, 0x0000000084300000, 0x00000000d5580000)
  object space 68608K, 63% used [0x0000000080000000,0x0000000082ad76d0,0x0000000084300000)
 Metaspace       used 51556K, committed 52672K, reserved 1114112K
  class space    used 5574K, committed 6080K, reserved 1048576K
}
Event: 41.718 GC heap after
{Heap after GC invocations=31 (full 2):
 PSYoungGen      total 17920K, used 288K [0x00000000d5580000, 0x00000000d6a80000, 0x0000000100000000)
  eden space 16896K, 0% used [0x00000000d5580000,0x00000000d5580000,0x00000000d6600000)
  from space 1024K, 28% used [0x00000000d6880000,0x00000000d68c8000,0x00000000d6980000)
  to   space 512K, 0% used [0x00000000d6a00000,0x00000000d6a00000,0x00000000d6a80000)
 ParOldGen       total 68608K, used 43901K [0x0000000080000000, 0x0000000084300000, 0x00000000d5580000)
  object space 68608K, 63% used [0x0000000080000000,0x0000000082adf6d0,0x0000000084300000)
 Metaspace       used 51556K, committed 52672K, reserved 1114112K
  class space    used 5574K, committed 6080K, reserved 1048576K
}
Event: 43.081 GC heap before
{Heap before GC invocations=32 (full 2):
 PSYoungGen      total 17920K, used 17184K [0x00000000d5580000, 0x00000000d6a80000, 0x0000000100000000)
  eden space 16896K, 100% used [0x00000000d5580000,0x00000000d6600000,0x00000000d6600000)
  from space 1024K, 28% used [0x00000000d6880000,0x00000000d68c8000,0x00000000d6980000)
  to   space 512K, 0% used [0x00000000d6a00000,0x00000000d6a00000,0x00000000d6a80000)
 ParOldGen       total 68608K, used 43901K [0x0000000080000000, 0x0000000084300000, 0x00000000d5580000)
  object space 68608K, 63% used [0x0000000080000000,0x0000000082adf6d0,0x0000000084300000)
 Metaspace       used 52663K, committed 53824K, reserved 1114112K
  class space    used 5667K, committed 6208K, reserved 1048576K
}
Event: 43.084 GC heap after
{Heap after GC invocations=32 (full 2):
 PSYoungGen      total 17408K, used 320K [0x00000000d5580000, 0x00000000d6a80000, 0x0000000100000000)
  eden space 16896K, 0% used [0x00000000d5580000,0x00000000d5580000,0x00000000d6600000)
  from space 512K, 62% used [0x00000000d6a00000,0x00000000d6a50010,0x00000000d6a80000)
  to   space 512K, 0% used [0x00000000d6980000,0x00000000d6980000,0x00000000d6a00000)
 ParOldGen       total 68608K, used 44125K [0x0000000080000000, 0x0000000084300000, 0x00000000d5580000)
  object space 68608K, 64% used [0x0000000080000000,0x0000000082b176d0,0x0000000084300000)
 Metaspace       used 52663K, committed 53824K, reserved 1114112K
  class space    used 5667K, committed 6208K, reserved 1048576K
}
Event: 45.035 GC heap before
{Heap before GC invocations=33 (full 2):
 PSYoungGen      total 17408K, used 17215K [0x00000000d5580000, 0x00000000d6a80000, 0x0000000100000000)
  eden space 16896K, 99% used [0x00000000d5580000,0x00000000d65fff90,0x00000000d6600000)
  from space 512K, 62% used [0x00000000d6a00000,0x00000000d6a50010,0x00000000d6a80000)
  to   space 512K, 0% used [0x00000000d6980000,0x00000000d6980000,0x00000000d6a00000)
 ParOldGen       total 68608K, used 44125K [0x0000000080000000, 0x0000000084300000, 0x00000000d5580000)
  object space 68608K, 64% used [0x0000000080000000,0x0000000082b176d0,0x0000000084300000)
 Metaspace       used 54808K, committed 56064K, reserved 1114112K
  class space    used 5867K, committed 6464K, reserved 1048576K
}
Event: 45.037 GC heap after
{Heap after GC invocations=33 (full 2):
 PSYoungGen      total 17408K, used 504K [0x00000000d5580000, 0x00000000d6a80000, 0x0000000100000000)
  eden space 16896K, 0% used [0x00000000d5580000,0x00000000d5580000,0x00000000d6600000)
  from space 512K, 98% used [0x00000000d6980000,0x00000000d69fe1d8,0x00000000d6a00000)
  to   space 512K, 0% used [0x00000000d6a00000,0x00000000d6a00000,0x00000000d6a80000)
 ParOldGen       total 68608K, used 44381K [0x0000000080000000, 0x0000000084300000, 0x00000000d5580000)
  object space 68608K, 64% used [0x0000000080000000,0x0000000082b576f0,0x0000000084300000)
 Metaspace       used 54808K, committed 56064K, reserved 1114112K
  class space    used 5867K, committed 6464K, reserved 1048576K
}
Event: 46.914 GC heap before
{Heap before GC invocations=34 (full 2):
 PSYoungGen      total 17408K, used 17400K [0x00000000d5580000, 0x00000000d6a80000, 0x0000000100000000)
  eden space 16896K, 99% used [0x00000000d5580000,0x00000000d65fffe8,0x00000000d6600000)
  from space 512K, 98% used [0x00000000d6980000,0x00000000d69fe1d8,0x00000000d6a00000)
  to   space 512K, 0% used [0x00000000d6a00000,0x00000000d6a00000,0x00000000d6a80000)
 ParOldGen       total 68608K, used 44381K [0x0000000080000000, 0x0000000084300000, 0x00000000d5580000)
  object space 68608K, 64% used [0x0000000080000000,0x0000000082b576f0,0x0000000084300000)
 Metaspace       used 56806K, committed 58112K, reserved 1114112K
  class space    used 6095K, committed 6720K, reserved 1048576K
}
Event: 46.919 GC heap after
{Heap after GC invocations=34 (full 2):
 PSYoungGen      total 17408K, used 497K [0x00000000d5580000, 0x00000000d6b00000, 0x0000000100000000)
  eden space 16896K, 0% used [0x00000000d5580000,0x00000000d5580000,0x00000000d6600000)
  from space 512K, 97% used [0x00000000d6a00000,0x00000000d6a7c7c0,0x00000000d6a80000)
  to   space 2560K, 0% used [0x00000000d6600000,0x00000000d6600000,0x00000000d6880000)
 ParOldGen       total 68608K, used 45740K [0x0000000080000000, 0x0000000084300000, 0x00000000d5580000)
  object space 68608K, 66% used [0x0000000080000000,0x0000000082cab0e8,0x0000000084300000)
 Metaspace       used 56806K, committed 58112K, reserved 1114112K
  class space    used 6095K, committed 6720K, reserved 1048576K
}
Event: 48.137 GC heap before
{Heap before GC invocations=35 (full 2):
 PSYoungGen      total 17408K, used 16728K [0x00000000d5580000, 0x00000000d6b00000, 0x0000000100000000)
  eden space 16896K, 96% used [0x00000000d5580000,0x00000000d6559bd0,0x00000000d6600000)
  from space 512K, 97% used [0x00000000d6a00000,0x00000000d6a7c7c0,0x00000000d6a80000)
  to   space 2560K, 0% used [0x00000000d6600000,0x00000000d6600000,0x00000000d6880000)
 ParOldGen       total 68608K, used 45740K [0x0000000080000000, 0x0000000084300000, 0x00000000d5580000)
  object space 68608K, 66% used [0x0000000080000000,0x0000000082cab0e8,0x0000000084300000)
 Metaspace       used 58484K, committed 59776K, reserved 1114112K
  class space    used 6247K, committed 6848K, reserved 1048576K
}
Event: 48.143 GC heap after
{Heap after GC invocations=35 (full 2):
 PSYoungGen      total 19456K, used 1314K [0x00000000d5580000, 0x00000000d6a80000, 0x0000000100000000)
  eden space 16896K, 0% used [0x00000000d5580000,0x00000000d5580000,0x00000000d6600000)
  from space 2560K, 51% used [0x00000000d6600000,0x00000000d6748888,0x00000000d6880000)
  to   space 1536K, 0% used [0x00000000d6900000,0x00000000d6900000,0x00000000d6a80000)
 ParOldGen       total 68608K, used 47629K [0x0000000080000000, 0x0000000084300000, 0x00000000d5580000)
  object space 68608K, 69% used [0x0000000080000000,0x0000000082e836a8,0x0000000084300000)
 Metaspace       used 58484K, committed 59776K, reserved 1114112K
  class space    used 6247K, committed 6848K, reserved 1048576K
}
Event: 48.143 GC heap before
{Heap before GC invocations=36 (full 3):
 PSYoungGen      total 19456K, used 1314K [0x00000000d5580000, 0x00000000d6a80000, 0x0000000100000000)
  eden space 16896K, 0% used [0x00000000d5580000,0x00000000d5580000,0x00000000d6600000)
  from space 2560K, 51% used [0x00000000d6600000,0x00000000d6748888,0x00000000d6880000)
  to   space 1536K, 0% used [0x00000000d6900000,0x00000000d6900000,0x00000000d6a80000)
 ParOldGen       total 68608K, used 47629K [0x0000000080000000, 0x0000000084300000, 0x00000000d5580000)
  object space 68608K, 69% used [0x0000000080000000,0x0000000082e836a8,0x0000000084300000)
 Metaspace       used 58484K, committed 59776K, reserved 1114112K
  class space    used 6247K, committed 6848K, reserved 1048576K
}
Event: 48.391 GC heap after
{Heap after GC invocations=36 (full 3):
 PSYoungGen      total 19456K, used 0K [0x00000000d5580000, 0x00000000d6a80000, 0x0000000100000000)
  eden space 16896K, 0% used [0x00000000d5580000,0x00000000d5580000,0x00000000d6600000)
  from space 2560K, 0% used [0x00000000d6600000,0x00000000d6600000,0x00000000d6880000)
  to   space 1536K, 0% used [0x00000000d6900000,0x00000000d6900000,0x00000000d6a80000)
 ParOldGen       total 68608K, used 42684K [0x0000000080000000, 0x0000000084300000, 0x00000000d5580000)
  object space 68608K, 62% used [0x0000000080000000,0x00000000829af230,0x0000000084300000)
 Metaspace       used 58484K, committed 59776K, reserved 1114112K
  class space    used 6247K, committed 6848K, reserved 1048576K
}

